1_0_1_0_1_0_0_1  // LDA Immediate
1_0_0_0_0_1_1_0  // $86
1_0_1_0_0_0_1_0  // LDX Immediate
0_0_0_0_0_0_1_0  // $02
1_0_0_0_0_0_0_1  // STA (Indirect, X) (6t)
0_0_0_1_1_1_1_0  // ($1e + $02:X) => ($0032)
1_0_0_0_0_1_0_1  // STA Zero Page (3t)
0_0_1_1_0_0_1_1  // ($33)
// 1_0_0_0_1_0_0_1  // NOP (!= STA Immediate) (2t)
1_0_0_0_1_1_0_1  // STA Absolute (4t)
0_0_1_1_0_1_0_0  // ($34)
0_0_0_0_0_0_0_0
1_0_1_0_0_0_0_0  // LDY Immediate
0_0_0_0_0_0_1_1  // $03
1_0_0_1_0_0_0_1  // STA (Indirect), Y (5+0t)
0_0_1_0_0_0_1_0  // ($22) => ($8032 + $03:Y)
1_0_0_1_0_0_0_1  // STA (Indirect), Y (5+1t)

0_0_1_0_0_1_0_0  // ($24) => ($80fd + $03:Y)
1_0_0_1_0_1_0_1  // STA Zero Page, X (4t)
0_0_1_1_0_1_0_0  // ($34 + $02:X)
1_0_0_1_1_0_0_1  // STA Absolute, Y (4+0t)
0_0_1_1_0_1_0_0  // $(0834 + $03:Y)
0_0_0_0_1_0_0_0
1_0_0_1_1_0_0_1  // STA Absolute, Y (4+1t)
1_1_1_1_1_1_1_0  // $(80fe + $03:Y)
1_0_0_0_0_0_0_0
1_0_0_1_1_1_0_1  // STA Absolute, X (4+0t)
0_0_1_1_0_1_1_0  // $(1036 + $02:X)
0_0_0_1_0_0_0_0
1_0_0_1_1_1_0_1  // STA Absolute, X (4+1t)
1_1_1_1_1_1_1_1  // $(11ff + $02:X)
0_0_0_1_0_0_0_1
1_1_1_1_1_1_1_1  // end marker

0_0_1_1_0_0_1_0  // 0x0020: $32
0_0_0_0_0_0_0_0  // 0x0021: $00
0_0_1_1_0_0_1_0  // 0x0022: $32
1_0_0_0_0_0_0_0  // 0x0023: $80
1_1_1_1_1_1_0_1  // 0x0024: $fd
1_0_0_0_0_0_0_0  // 0x0025: $80
